<?xml version="1.0" encoding="UTF-8"?>
<!-- Generated by org.testng.reporters.JUnitXMLReporter -->
<testsuite ignored="0" hostname="DESKTOP-N6TDSTB" failures="1" tests="2" name="Regression" time="2.691" errors="0" timestamp="2023-09-19T15:16:53 SGT">
  <testcase classname="TestCases.UserStory2" name="testAC1AndAC2" time="1.506">
    <failure type="java.lang.AssertionError" message="expected [true] but found [false]">
      <![CDATA[java.lang.AssertionError: expected [true] but found [false]
at PageObjects.WorkingClassHeroPage.verifyConfirmationMsgDisplayed(WorkingClassHeroPage.java:65)
at TestCases.UserStory2.testAC1AndAC2(UserStory2.java:26)
at java.base/java.util.ArrayList.forEach(ArrayList.java:1511)
... Removed 31 stack frames]]>
    </failure>
  </testcase> <!-- testAC1AndAC2 -->
  <testcase classname="TestCases.UserStory2" name="testAC4" time="1.124"/>
</testsuite> <!-- Regression -->
